<?xml version="1.0" encoding="UTF-8"?>
<testng-results ignored="0" total="2" passed="2" failed="0" skipped="0">
  <reporter-output>
  </reporter-output>
  <suite started-at="2025-04-08T16:08:37 IST" name="master Suite" finished-at="2025-04-08T16:09:25 IST" duration-ms="47352">
    <groups>
      <group name="Master">
        <method signature="TC001_AccountRegistrationTest.Verify_account_registration()[pri:0, instance:testCases.TC001_AccountRegistrationTest@61544ae6]" name="Verify_account_registration" class="testCases.TC001_AccountRegistrationTest"/>
        <method signature="TC002_LoginTest.verify_login()[pri:0, instance:testCases.TC002_LoginTest@56928307]" name="verify_login" class="testCases.TC002_LoginTest"/>
      </group> <!-- Master -->
      <group name="Sanity">
        <method signature="TC002_LoginTest.verify_login()[pri:0, instance:testCases.TC002_LoginTest@56928307]" name="verify_login" class="testCases.TC002_LoginTest"/>
      </group> <!-- Sanity -->
      <group name="Regression">
        <method signature="TC001_AccountRegistrationTest.Verify_account_registration()[pri:0, instance:testCases.TC001_AccountRegistrationTest@61544ae6]" name="Verify_account_registration" class="testCases.TC001_AccountRegistrationTest"/>
      </group> <!-- Regression -->
    </groups>
    <test started-at="2025-04-08T16:08:37 IST" name="Test" finished-at="2025-04-08T16:09:25 IST" duration-ms="47352">
      <class name="testCases.TC002_LoginTest">
        <test-method is-config="true" signature="setup(java.lang.String,java.lang.String)[pri:0, instance:testCases.TC002_LoginTest@56928307]" started-at="2025-04-08T16:09:06 IST" name="setup" finished-at="2025-04-08T16:09:21 IST" duration-ms="15399" status="PASS">
          <params>
            <param index="0">
              <value>
                <![CDATA[Windows]]>
              </value>
            </param>
            <param index="1">
              <value>
                <![CDATA[chrome]]>
              </value>
            </param>
          </params>
          <reporter-output>
          </reporter-output>
        </test-method> <!-- setup -->
        <test-method signature="verify_login()[pri:0, instance:testCases.TC002_LoginTest@56928307]" started-at="2025-04-08T16:09:21 IST" name="verify_login" finished-at="2025-04-08T16:09:24 IST" duration-ms="3405" status="PASS">
          <reporter-output>
          </reporter-output>
        </test-method> <!-- verify_login -->
        <test-method is-config="true" signature="tearDown()[pri:0, instance:testCases.TC002_LoginTest@56928307]" started-at="2025-04-08T16:09:24 IST" name="tearDown" finished-at="2025-04-08T16:09:25 IST" duration-ms="271" status="PASS">
          <reporter-output>
          </reporter-output>
        </test-method> <!-- tearDown -->
      </class> <!-- testCases.TC002_LoginTest -->
      <class name="testCases.TC001_AccountRegistrationTest">
        <test-method is-config="true" signature="setup(java.lang.String,java.lang.String)[pri:0, instance:testCases.TC001_AccountRegistrationTest@61544ae6]" started-at="2025-04-08T16:08:38 IST" name="setup" finished-at="2025-04-08T16:09:01 IST" duration-ms="23205" status="PASS">
          <params>
            <param index="0">
              <value>
                <![CDATA[Windows]]>
              </value>
            </param>
            <param index="1">
              <value>
                <![CDATA[chrome]]>
              </value>
            </param>
          </params>
          <reporter-output>
          </reporter-output>
        </test-method> <!-- setup -->
        <test-method signature="Verify_account_registration()[pri:0, instance:testCases.TC001_AccountRegistrationTest@61544ae6]" started-at="2025-04-08T16:09:01 IST" name="Verify_account_registration" finished-at="2025-04-08T16:09:05 IST" duration-ms="4297" status="PASS">
          <reporter-output>
          </reporter-output>
        </test-method> <!-- Verify_account_registration -->
        <test-method is-config="true" signature="tearDown()[pri:0, instance:testCases.TC001_AccountRegistrationTest@61544ae6]" started-at="2025-04-08T16:09:05 IST" name="tearDown" finished-at="2025-04-08T16:09:06 IST" duration-ms="287" status="PASS">
          <reporter-output>
          </reporter-output>
        </test-method> <!-- tearDown -->
      </class> <!-- testCases.TC001_AccountRegistrationTest -->
    </test> <!-- Test -->
  </suite> <!-- master Suite -->
</testng-results>
